#! /usr/bin/vvp
:ivl_version "11.0 (stable)";
:ivl_delay_selection "TYPICAL";
:vpi_time_precision + 0;
:vpi_module "/usr/lib/x86_64-linux-gnu/ivl/system.vpi";
:vpi_module "/usr/lib/x86_64-linux-gnu/ivl/vhdl_sys.vpi";
:vpi_module "/usr/lib/x86_64-linux-gnu/ivl/vhdl_textio.vpi";
:vpi_module "/usr/lib/x86_64-linux-gnu/ivl/v2005_math.vpi";
:vpi_module "/usr/lib/x86_64-linux-gnu/ivl/va_math.vpi";
S_0x5566b483c810 .scope module, "sum4b_tb" "sum4b_tb" 2 3;
 .timescale 0 0;
v0x5566b486a390_0 .var "a_tb", 3 0;
v0x5566b486a470_0 .var "b_tb", 3 0;
v0x5566b486a510_0 .var "ci_tb", 0 0;
v0x5566b486a5e0_0 .net "co_tb", 0 0, L_0x5566b486bc90;  1 drivers
v0x5566b486a6d0_0 .net "s_tb", 3 0, L_0x5566b486bee0;  1 drivers
S_0x5566b483d5f0 .scope module, "uut" "sum4b" 2 12, 3 3 0, S_0x5566b483c810;
 .timescale 0 0;
    .port_info 0 /INPUT 4 "a";
    .port_info 1 /INPUT 4 "b";
    .port_info 2 /INPUT 1 "ci";
    .port_info 3 /OUTPUT 4 "s";
    .port_info 4 /OUTPUT 1 "co";
v0x5566b4869bf0_0 .net "C1", 0 0, L_0x5566b486ab80;  1 drivers
v0x5566b4869d00_0 .net "C2", 0 0, L_0x5566b486b150;  1 drivers
v0x5566b4869e10_0 .net "C3", 0 0, L_0x5566b486b660;  1 drivers
v0x5566b4869f00_0 .net "a", 3 0, v0x5566b486a390_0;  1 drivers
v0x5566b4869fa0_0 .net "b", 3 0, v0x5566b486a470_0;  1 drivers
v0x5566b486a0d0_0 .net "ci", 0 0, v0x5566b486a510_0;  1 drivers
v0x5566b486a190_0 .net "co", 0 0, L_0x5566b486bc90;  alias, 1 drivers
v0x5566b486a230_0 .net "s", 3 0, L_0x5566b486bee0;  alias, 1 drivers
L_0x5566b486ac90 .part v0x5566b486a390_0, 0, 1;
L_0x5566b486ad80 .part v0x5566b486a470_0, 0, 1;
L_0x5566b486b210 .part v0x5566b486a390_0, 1, 1;
L_0x5566b486b2b0 .part v0x5566b486a470_0, 1, 1;
L_0x5566b486b720 .part v0x5566b486a390_0, 2, 1;
L_0x5566b486b850 .part v0x5566b486a470_0, 2, 1;
L_0x5566b486bd50 .part v0x5566b486a390_0, 3, 1;
L_0x5566b486bdf0 .part v0x5566b486a470_0, 3, 1;
L_0x5566b486bee0 .concat8 [ 1 1 1 1], L_0x5566b486aa90, L_0x5566b486b0b0, L_0x5566b486b5c0, L_0x5566b486bbf0;
S_0x5566b483d7d0 .scope module, "sum0" "lab001" 3 13, 4 2 0, S_0x5566b483d5f0;
 .timescale 0 0;
    .port_info 0 /INPUT 1 "A";
    .port_info 1 /INPUT 1 "B";
    .port_info 2 /INPUT 1 "Ci";
    .port_info 3 /OUTPUT 1 "S";
    .port_info 4 /OUTPUT 1 "Co";
L_0x5566b486a7c0 .functor XOR 1, L_0x5566b486ac90, L_0x5566b486ad80, C4<0>, C4<0>;
L_0x5566b486a890 .functor AND 1, L_0x5566b486ac90, L_0x5566b486ad80, C4<1>, C4<1>;
L_0x7f92566ca018 .functor BUFT 1, C4<1>, C4<0>, C4<0>, C4<0>;
L_0x5566b486a9d0 .functor AND 1, L_0x5566b486a7c0, L_0x7f92566ca018, C4<1>, C4<1>;
L_0x5566b486aa90 .functor XOR 1, L_0x5566b486a7c0, L_0x7f92566ca018, C4<0>, C4<0>;
L_0x5566b486ab80 .functor OR 1, L_0x5566b486a890, L_0x5566b486a9d0, C4<0>, C4<0>;
v0x5566b48343a0_0 .net "A", 0 0, L_0x5566b486ac90;  1 drivers
v0x5566b4839080_0 .net "B", 0 0, L_0x5566b486ad80;  1 drivers
v0x5566b4836f40_0 .net "Ci", 0 0, L_0x7f92566ca018;  1 drivers
v0x5566b4834e00_0 .net "Co", 0 0, L_0x5566b486ab80;  alias, 1 drivers
v0x5566b4832c50_0 .net "S", 0 0, L_0x5566b486aa90;  1 drivers
v0x5566b4867e90_0 .net "and_1", 0 0, L_0x5566b486a890;  1 drivers
v0x5566b4867f50_0 .net "and_2", 0 0, L_0x5566b486a9d0;  1 drivers
v0x5566b4868010_0 .net "xor_1", 0 0, L_0x5566b486a7c0;  1 drivers
S_0x5566b4868170 .scope module, "sum1" "lab001" 3 14, 4 2 0, S_0x5566b483d5f0;
 .timescale 0 0;
    .port_info 0 /INPUT 1 "A";
    .port_info 1 /INPUT 1 "B";
    .port_info 2 /INPUT 1 "Ci";
    .port_info 3 /OUTPUT 1 "S";
    .port_info 4 /OUTPUT 1 "Co";
L_0x5566b486ae70 .functor XOR 1, L_0x5566b486b210, L_0x5566b486b2b0, C4<0>, C4<0>;
L_0x5566b486aee0 .functor AND 1, L_0x5566b486b210, L_0x5566b486b2b0, C4<1>, C4<1>;
L_0x5566b486aff0 .functor AND 1, L_0x5566b486ae70, L_0x5566b486ab80, C4<1>, C4<1>;
L_0x5566b486b0b0 .functor XOR 1, L_0x5566b486ae70, L_0x5566b486ab80, C4<0>, C4<0>;
L_0x5566b486b150 .functor OR 1, L_0x5566b486aee0, L_0x5566b486aff0, C4<0>, C4<0>;
v0x5566b4868370_0 .net "A", 0 0, L_0x5566b486b210;  1 drivers
v0x5566b4868430_0 .net "B", 0 0, L_0x5566b486b2b0;  1 drivers
v0x5566b48684f0_0 .net "Ci", 0 0, L_0x5566b486ab80;  alias, 1 drivers
v0x5566b4868590_0 .net "Co", 0 0, L_0x5566b486b150;  alias, 1 drivers
v0x5566b4868630_0 .net "S", 0 0, L_0x5566b486b0b0;  1 drivers
v0x5566b4868720_0 .net "and_1", 0 0, L_0x5566b486aee0;  1 drivers
v0x5566b48687e0_0 .net "and_2", 0 0, L_0x5566b486aff0;  1 drivers
v0x5566b48688a0_0 .net "xor_1", 0 0, L_0x5566b486ae70;  1 drivers
S_0x5566b4868a00 .scope module, "sum2" "lab001" 3 15, 4 2 0, S_0x5566b483d5f0;
 .timescale 0 0;
    .port_info 0 /INPUT 1 "A";
    .port_info 1 /INPUT 1 "B";
    .port_info 2 /INPUT 1 "Ci";
    .port_info 3 /OUTPUT 1 "S";
    .port_info 4 /OUTPUT 1 "Co";
L_0x5566b486b380 .functor XOR 1, L_0x5566b486b720, L_0x5566b486b850, C4<0>, C4<0>;
L_0x5566b486b3f0 .functor AND 1, L_0x5566b486b720, L_0x5566b486b850, C4<1>, C4<1>;
L_0x5566b486b500 .functor AND 1, L_0x5566b486b380, L_0x5566b486b150, C4<1>, C4<1>;
L_0x5566b486b5c0 .functor XOR 1, L_0x5566b486b380, L_0x5566b486b150, C4<0>, C4<0>;
L_0x5566b486b660 .functor OR 1, L_0x5566b486b3f0, L_0x5566b486b500, C4<0>, C4<0>;
v0x5566b4868c10_0 .net "A", 0 0, L_0x5566b486b720;  1 drivers
v0x5566b4868cd0_0 .net "B", 0 0, L_0x5566b486b850;  1 drivers
v0x5566b4868d90_0 .net "Ci", 0 0, L_0x5566b486b150;  alias, 1 drivers
v0x5566b4868e90_0 .net "Co", 0 0, L_0x5566b486b660;  alias, 1 drivers
v0x5566b4868f30_0 .net "S", 0 0, L_0x5566b486b5c0;  1 drivers
v0x5566b4869020_0 .net "and_1", 0 0, L_0x5566b486b3f0;  1 drivers
v0x5566b48690e0_0 .net "and_2", 0 0, L_0x5566b486b500;  1 drivers
v0x5566b48691a0_0 .net "xor_1", 0 0, L_0x5566b486b380;  1 drivers
S_0x5566b4869300 .scope module, "sum3" "lab001" 3 16, 4 2 0, S_0x5566b483d5f0;
 .timescale 0 0;
    .port_info 0 /INPUT 1 "A";
    .port_info 1 /INPUT 1 "B";
    .port_info 2 /INPUT 1 "Ci";
    .port_info 3 /OUTPUT 1 "S";
    .port_info 4 /OUTPUT 1 "Co";
L_0x5566b486b9c0 .functor XOR 1, L_0x5566b486bd50, L_0x5566b486bdf0, C4<0>, C4<0>;
L_0x5566b486ba30 .functor AND 1, L_0x5566b486bd50, L_0x5566b486bdf0, C4<1>, C4<1>;
L_0x5566b486baa0 .functor AND 1, L_0x5566b486b9c0, L_0x5566b486b660, C4<1>, C4<1>;
L_0x5566b486bbf0 .functor XOR 1, L_0x5566b486b9c0, L_0x5566b486b660, C4<0>, C4<0>;
L_0x5566b486bc90 .functor OR 1, L_0x5566b486ba30, L_0x5566b486baa0, C4<0>, C4<0>;
v0x5566b48694e0_0 .net "A", 0 0, L_0x5566b486bd50;  1 drivers
v0x5566b48695c0_0 .net "B", 0 0, L_0x5566b486bdf0;  1 drivers
v0x5566b4869680_0 .net "Ci", 0 0, L_0x5566b486b660;  alias, 1 drivers
v0x5566b4869780_0 .net "Co", 0 0, L_0x5566b486bc90;  alias, 1 drivers
v0x5566b4869820_0 .net "S", 0 0, L_0x5566b486bbf0;  1 drivers
v0x5566b4869910_0 .net "and_1", 0 0, L_0x5566b486ba30;  1 drivers
v0x5566b48699d0_0 .net "and_2", 0 0, L_0x5566b486baa0;  1 drivers
v0x5566b4869a90_0 .net "xor_1", 0 0, L_0x5566b486b9c0;  1 drivers
    .scope S_0x5566b483c810;
T_0 ;
    %pushi/vec4 0, 0, 4;
    %store/vec4 v0x5566b486a390_0, 0, 4;
    %pushi/vec4 0, 0, 4;
    %store/vec4 v0x5566b486a470_0, 0, 4;
    %pushi/vec4 0, 0, 1;
    %store/vec4 v0x5566b486a510_0, 0, 1;
    %delay 10, 0;
    %pushi/vec4 1, 0, 4;
    %store/vec4 v0x5566b486a390_0, 0, 4;
    %pushi/vec4 1, 0, 4;
    %store/vec4 v0x5566b486a470_0, 0, 4;
    %pushi/vec4 0, 0, 1;
    %store/vec4 v0x5566b486a510_0, 0, 1;
    %delay 10, 0;
    %pushi/vec4 2, 0, 4;
    %store/vec4 v0x5566b486a390_0, 0, 4;
    %pushi/vec4 2, 0, 4;
    %store/vec4 v0x5566b486a470_0, 0, 4;
    %pushi/vec4 0, 0, 1;
    %store/vec4 v0x5566b486a510_0, 0, 1;
    %delay 10, 0;
    %pushi/vec4 3, 0, 4;
    %store/vec4 v0x5566b486a390_0, 0, 4;
    %pushi/vec4 3, 0, 4;
    %store/vec4 v0x5566b486a470_0, 0, 4;
    %pushi/vec4 0, 0, 1;
    %store/vec4 v0x5566b486a510_0, 0, 1;
    %delay 10, 0;
    %pushi/vec4 4, 0, 4;
    %store/vec4 v0x5566b486a390_0, 0, 4;
    %pushi/vec4 4, 0, 4;
    %store/vec4 v0x5566b486a470_0, 0, 4;
    %pushi/vec4 0, 0, 1;
    %store/vec4 v0x5566b486a510_0, 0, 1;
    %delay 10, 0;
    %pushi/vec4 5, 0, 4;
    %store/vec4 v0x5566b486a390_0, 0, 4;
    %pushi/vec4 5, 0, 4;
    %store/vec4 v0x5566b486a470_0, 0, 4;
    %pushi/vec4 0, 0, 1;
    %store/vec4 v0x5566b486a510_0, 0, 1;
    %delay 10, 0;
    %pushi/vec4 6, 0, 4;
    %store/vec4 v0x5566b486a390_0, 0, 4;
    %pushi/vec4 6, 0, 4;
    %store/vec4 v0x5566b486a470_0, 0, 4;
    %pushi/vec4 0, 0, 1;
    %store/vec4 v0x5566b486a510_0, 0, 1;
    %delay 10, 0;
    %pushi/vec4 7, 0, 4;
    %store/vec4 v0x5566b486a390_0, 0, 4;
    %pushi/vec4 7, 0, 4;
    %store/vec4 v0x5566b486a470_0, 0, 4;
    %pushi/vec4 0, 0, 1;
    %store/vec4 v0x5566b486a510_0, 0, 1;
    %delay 10, 0;
    %pushi/vec4 8, 0, 4;
    %store/vec4 v0x5566b486a390_0, 0, 4;
    %pushi/vec4 8, 0, 4;
    %store/vec4 v0x5566b486a470_0, 0, 4;
    %pushi/vec4 0, 0, 1;
    %store/vec4 v0x5566b486a510_0, 0, 1;
    %delay 10, 0;
    %pushi/vec4 9, 0, 4;
    %store/vec4 v0x5566b486a390_0, 0, 4;
    %pushi/vec4 9, 0, 4;
    %store/vec4 v0x5566b486a470_0, 0, 4;
    %pushi/vec4 0, 0, 1;
    %store/vec4 v0x5566b486a510_0, 0, 1;
    %delay 10, 0;
    %pushi/vec4 10, 0, 4;
    %store/vec4 v0x5566b486a390_0, 0, 4;
    %pushi/vec4 10, 0, 4;
    %store/vec4 v0x5566b486a470_0, 0, 4;
    %pushi/vec4 0, 0, 1;
    %store/vec4 v0x5566b486a510_0, 0, 1;
    %delay 10, 0;
    %pushi/vec4 11, 0, 4;
    %store/vec4 v0x5566b486a390_0, 0, 4;
    %pushi/vec4 11, 0, 4;
    %store/vec4 v0x5566b486a470_0, 0, 4;
    %pushi/vec4 0, 0, 1;
    %store/vec4 v0x5566b486a510_0, 0, 1;
    %delay 10, 0;
    %pushi/vec4 12, 0, 4;
    %store/vec4 v0x5566b486a390_0, 0, 4;
    %pushi/vec4 12, 0, 4;
    %store/vec4 v0x5566b486a470_0, 0, 4;
    %pushi/vec4 0, 0, 1;
    %store/vec4 v0x5566b486a510_0, 0, 1;
    %delay 10, 0;
    %pushi/vec4 13, 0, 4;
    %store/vec4 v0x5566b486a390_0, 0, 4;
    %pushi/vec4 13, 0, 4;
    %store/vec4 v0x5566b486a470_0, 0, 4;
    %pushi/vec4 0, 0, 1;
    %store/vec4 v0x5566b486a510_0, 0, 1;
    %delay 10, 0;
    %pushi/vec4 14, 0, 4;
    %store/vec4 v0x5566b486a390_0, 0, 4;
    %pushi/vec4 14, 0, 4;
    %store/vec4 v0x5566b486a470_0, 0, 4;
    %pushi/vec4 0, 0, 1;
    %store/vec4 v0x5566b486a510_0, 0, 1;
    %delay 10, 0;
    %pushi/vec4 15, 0, 4;
    %store/vec4 v0x5566b486a390_0, 0, 4;
    %pushi/vec4 15, 0, 4;
    %store/vec4 v0x5566b486a470_0, 0, 4;
    %pushi/vec4 0, 0, 1;
    %store/vec4 v0x5566b486a510_0, 0, 1;
    %delay 10, 0;
    %end;
    .thread T_0;
    .scope S_0x5566b483c810;
T_1 ;
    %vpi_call 2 124 "$dumpfile", "sum4b_tb.vcd" {0 0 0};
    %vpi_call 2 125 "$dumpvars", 32'sb11111111111111111111111111111111, S_0x5566b483d5f0 {0 0 0};
    %delay 240, 0;
    %vpi_call 2 127 "$finish" {0 0 0};
    %end;
    .thread T_1;
# The file index is used to find the file name in the following table.
:file_names 5;
    "N/A";
    "<interactive>";
    "sum4b_tb.v";
    "./LAB002.v";
    "./lab001.v";
