#! /usr/bin/vvp
:ivl_version "11.0 (stable)";
:ivl_delay_selection "TYPICAL";
:vpi_time_precision + 0;
:vpi_module "/usr/lib/x86_64-linux-gnu/ivl/system.vpi";
:vpi_module "/usr/lib/x86_64-linux-gnu/ivl/vhdl_sys.vpi";
:vpi_module "/usr/lib/x86_64-linux-gnu/ivl/vhdl_textio.vpi";
:vpi_module "/usr/lib/x86_64-linux-gnu/ivl/v2005_math.vpi";
:vpi_module "/usr/lib/x86_64-linux-gnu/ivl/va_math.vpi";
S_0x55b4f7b38d90 .scope module, "seven_segment_mux" "seven_segment_mux" 2 1;
 .timescale 0 0;
    .port_info 0 /INPUT 4 "bcd0";
    .port_info 1 /INPUT 4 "bcd1";
    .port_info 2 /INPUT 4 "bcd2";
    .port_info 3 /INPUT 4 "bcd3";
    .port_info 4 /INPUT 2 "select";
    .port_info 5 /OUTPUT 4 "digit";
o0x7f311917f018 .functor BUFZ 4, C4<zzzz>; HiZ drive
v0x55b4f7b38f50_0 .net "bcd0", 3 0, o0x7f311917f018;  0 drivers
o0x7f311917f048 .functor BUFZ 4, C4<zzzz>; HiZ drive
v0x55b4f7b81b70_0 .net "bcd1", 3 0, o0x7f311917f048;  0 drivers
o0x7f311917f078 .functor BUFZ 4, C4<zzzz>; HiZ drive
v0x55b4f7b81c50_0 .net "bcd2", 3 0, o0x7f311917f078;  0 drivers
o0x7f311917f0a8 .functor BUFZ 4, C4<zzzz>; HiZ drive
v0x55b4f7b81d10_0 .net "bcd3", 3 0, o0x7f311917f0a8;  0 drivers
v0x55b4f7b81df0_0 .var "digit", 3 0;
o0x7f311917f108 .functor BUFZ 2, C4<zz>; HiZ drive
v0x55b4f7b81f20_0 .net "select", 1 0, o0x7f311917f108;  0 drivers
E_0x55b4f7b721c0/0 .event edge, v0x55b4f7b81f20_0, v0x55b4f7b38f50_0, v0x55b4f7b81b70_0, v0x55b4f7b81c50_0;
E_0x55b4f7b721c0/1 .event edge, v0x55b4f7b81d10_0;
E_0x55b4f7b721c0 .event/or E_0x55b4f7b721c0/0, E_0x55b4f7b721c0/1;
    .scope S_0x55b4f7b38d90;
T_0 ;
    %wait E_0x55b4f7b721c0;
    %load/vec4 v0x55b4f7b81f20_0;
    %dup/vec4;
    %pushi/vec4 0, 0, 2;
    %cmp/u;
    %jmp/1 T_0.0, 6;
    %dup/vec4;
    %pushi/vec4 1, 0, 2;
    %cmp/u;
    %jmp/1 T_0.1, 6;
    %dup/vec4;
    %pushi/vec4 2, 0, 2;
    %cmp/u;
    %jmp/1 T_0.2, 6;
    %dup/vec4;
    %pushi/vec4 3, 0, 2;
    %cmp/u;
    %jmp/1 T_0.3, 6;
    %pushi/vec4 0, 0, 4;
    %store/vec4 v0x55b4f7b81df0_0, 0, 4;
    %jmp T_0.5;
T_0.0 ;
    %load/vec4 v0x55b4f7b38f50_0;
    %inv;
    %store/vec4 v0x55b4f7b81df0_0, 0, 4;
    %jmp T_0.5;
T_0.1 ;
    %load/vec4 v0x55b4f7b81b70_0;
    %inv;
    %store/vec4 v0x55b4f7b81df0_0, 0, 4;
    %jmp T_0.5;
T_0.2 ;
    %load/vec4 v0x55b4f7b81c50_0;
    %inv;
    %store/vec4 v0x55b4f7b81df0_0, 0, 4;
    %jmp T_0.5;
T_0.3 ;
    %load/vec4 v0x55b4f7b81d10_0;
    %inv;
    %store/vec4 v0x55b4f7b81df0_0, 0, 4;
    %jmp T_0.5;
T_0.5 ;
    %pop/vec4 1;
    %jmp T_0;
    .thread T_0, $push;
# The file index is used to find the file name in the following table.
:file_names 3;
    "N/A";
    "<interactive>";
    "mux.v";
