#! /usr/bin/vvp
:ivl_version "11.0 (stable)";
:ivl_delay_selection "TYPICAL";
:vpi_time_precision - 12;
:vpi_module "/usr/lib/x86_64-linux-gnu/ivl/system.vpi";
:vpi_module "/usr/lib/x86_64-linux-gnu/ivl/vhdl_sys.vpi";
:vpi_module "/usr/lib/x86_64-linux-gnu/ivl/vhdl_textio.vpi";
:vpi_module "/usr/lib/x86_64-linux-gnu/ivl/v2005_math.vpi";
:vpi_module "/usr/lib/x86_64-linux-gnu/ivl/va_math.vpi";
S_0x56219064e130 .scope module, "lab001tb" "lab001tb" 2 4;
 .timescale -12 -12;
v0x562190665520_0 .var "A_tb", 0 0;
v0x5621906655e0_0 .var "B_tb", 0 0;
v0x562190665680_0 .var "Ci_tb", 0 0;
v0x562190665720_0 .net "Co_", 0 0, L_0x562190665c90;  1 drivers
v0x5621906657f0_0 .net "S_", 0 0, L_0x562190665ba0;  1 drivers
S_0x56219064e2c0 .scope begin, "TEST_CASE" "TEST_CASE" 2 61, 2 61 0, S_0x56219064e130;
 .timescale -12 -12;
S_0x562190613cf0 .scope module, "uut" "lab001" 2 18, 3 2 0, S_0x56219064e130;
 .timescale 0 0;
    .port_info 0 /INPUT 1 "A";
    .port_info 1 /INPUT 1 "B";
    .port_info 2 /INPUT 1 "Ci";
    .port_info 3 /OUTPUT 1 "S";
    .port_info 4 /OUTPUT 1 "Co";
L_0x5621906658e0 .functor XOR 1, v0x562190665520_0, v0x5621906655e0_0, C4<0>, C4<0>;
L_0x562190665a20 .functor AND 1, v0x562190665520_0, v0x5621906655e0_0, C4<1>, C4<1>;
L_0x562190665a90 .functor AND 1, L_0x5621906658e0, v0x562190665680_0, C4<1>, C4<1>;
L_0x562190665ba0 .functor XOR 1, L_0x5621906658e0, v0x562190665680_0, C4<0>, C4<0>;
L_0x562190665c90 .functor OR 1, L_0x562190665a20, L_0x562190665a90, C4<0>, C4<0>;
v0x562190613ed0_0 .net "A", 0 0, v0x562190665520_0;  1 drivers
v0x562190664f10_0 .net "B", 0 0, v0x5621906655e0_0;  1 drivers
v0x562190664fd0_0 .net "Ci", 0 0, v0x562190665680_0;  1 drivers
v0x562190665070_0 .net "Co", 0 0, L_0x562190665c90;  alias, 1 drivers
v0x562190665130_0 .net "S", 0 0, L_0x562190665ba0;  alias, 1 drivers
v0x562190665240_0 .net "and_1", 0 0, L_0x562190665a20;  1 drivers
v0x562190665300_0 .net "and_2", 0 0, L_0x562190665a90;  1 drivers
v0x5621906653c0_0 .net "xor_1", 0 0, L_0x5621906658e0;  1 drivers
    .scope S_0x56219064e130;
T_0 ;
    %pushi/vec4 0, 0, 1;
    %store/vec4 v0x562190665520_0, 0, 1;
    %pushi/vec4 0, 0, 1;
    %store/vec4 v0x5621906655e0_0, 0, 1;
    %pushi/vec4 0, 0, 1;
    %store/vec4 v0x562190665680_0, 0, 1;
    %delay 100, 0;
    %pushi/vec4 0, 0, 1;
    %store/vec4 v0x562190665520_0, 0, 1;
    %pushi/vec4 0, 0, 1;
    %store/vec4 v0x5621906655e0_0, 0, 1;
    %pushi/vec4 1, 0, 1;
    %store/vec4 v0x562190665680_0, 0, 1;
    %delay 100, 0;
    %pushi/vec4 0, 0, 1;
    %store/vec4 v0x562190665520_0, 0, 1;
    %pushi/vec4 1, 0, 1;
    %store/vec4 v0x5621906655e0_0, 0, 1;
    %pushi/vec4 0, 0, 1;
    %store/vec4 v0x562190665680_0, 0, 1;
    %delay 100, 0;
    %pushi/vec4 0, 0, 1;
    %store/vec4 v0x562190665520_0, 0, 1;
    %pushi/vec4 1, 0, 1;
    %store/vec4 v0x5621906655e0_0, 0, 1;
    %pushi/vec4 1, 0, 1;
    %store/vec4 v0x562190665680_0, 0, 1;
    %delay 100, 0;
    %pushi/vec4 1, 0, 1;
    %store/vec4 v0x562190665520_0, 0, 1;
    %pushi/vec4 0, 0, 1;
    %store/vec4 v0x5621906655e0_0, 0, 1;
    %pushi/vec4 0, 0, 1;
    %store/vec4 v0x562190665680_0, 0, 1;
    %delay 100, 0;
    %pushi/vec4 1, 0, 1;
    %store/vec4 v0x562190665520_0, 0, 1;
    %pushi/vec4 0, 0, 1;
    %store/vec4 v0x5621906655e0_0, 0, 1;
    %pushi/vec4 1, 0, 1;
    %store/vec4 v0x562190665680_0, 0, 1;
    %delay 100, 0;
    %pushi/vec4 1, 0, 1;
    %store/vec4 v0x562190665520_0, 0, 1;
    %pushi/vec4 1, 0, 1;
    %store/vec4 v0x5621906655e0_0, 0, 1;
    %pushi/vec4 0, 0, 1;
    %store/vec4 v0x562190665680_0, 0, 1;
    %delay 100, 0;
    %pushi/vec4 1, 0, 1;
    %store/vec4 v0x562190665520_0, 0, 1;
    %pushi/vec4 1, 0, 1;
    %store/vec4 v0x5621906655e0_0, 0, 1;
    %pushi/vec4 1, 0, 1;
    %store/vec4 v0x562190665680_0, 0, 1;
    %end;
    .thread T_0;
    .scope S_0x56219064e130;
T_1 ;
    %fork t_1, S_0x56219064e2c0;
    %jmp t_0;
    .scope S_0x56219064e2c0;
t_1 ;
    %vpi_call 2 62 "$dumpfile", "lab001.vcd" {0 0 0};
    %vpi_call 2 63 "$dumpvars", 32'sb11111111111111111111111111111111, S_0x562190613cf0 {0 0 0};
    %delay 800, 0;
    %vpi_call 2 64 "$finish" {0 0 0};
    %end;
    .scope S_0x56219064e130;
t_0 %join;
    %end;
    .thread T_1;
# The file index is used to find the file name in the following table.
:file_names 4;
    "N/A";
    "<interactive>";
    "lab001/lab001tb.v";
    "./lab001/lab001.v";
